make all --print-data-base --no-builtin-variables --no-builtin-rules --question
# GNU Make 3.81
# Copyright (C) 2006  Free Software Foundation, Inc.
# This is free software; see the source for copying conditions.
# There is NO warranty; not even for MERCHANTABILITY or FITNESS FOR A
# PARTICULAR PURPOSE.

# This program built for i386-apple-darwin11.3.0
 

# Make data base, printed on Sun Mar 20 15:25:01 2022

# Variables

# automatic
<D = $(patsubst %/,%,$(dir $<))
# automatic
?F = $(notdir $?)
# makefile (from `Makefile', line 26)
OBJ = $(SOURCE:.c=.o)
# environment
VSCODE_LOG_NATIVE = false
# automatic
?D = $(patsubst %/,%,$(dir $?))
# automatic
@D = $(patsubst %/,%,$(dir $@))
# automatic
@F = $(notdir $@)
# makefile
CURDIR := /Users/jmaryett/Desktop/Cub3d
# makefile
SHELL = /bin/sh
# environment
VSCODE_NLS_CONFIG = {"locale":"en-us","availableLanguages":{},"_languagePackSupport":true}
# makefile (from `Makefile', line 37)
MLX = libmlx.dylib
# environment
_ = /usr/bin/make
# makefile (from `Makefile', line 30)
CFLAGS = -Wall -Wextra -Werror
# makefile (from `Makefile', line 1)
MAKEFILE_LIST :=  Makefile
# environment
VSCODE_VERBOSE_LOGGING = true
# environment
VSCODE_IPC_HOOK_EXTHOST = /var/folders/zz/zyxvpxvq6csfxvn_n003vkv400ywps/T/vscode-ipc-7d4c544b-ad25-4a0a-9c69-2576dd4687c3.sock
# makefile (from `Makefile', line 5)
LIBA_C = ./libft/*.c
# environment
VSCODE_CWD = /
# environment
Apple_PubSub_Socket_Render = /private/tmp/com.apple.launchd.qS6SCXnItv/Render
# makefile (from `Makefile', line 7)
LIBA_H = ./libft/libft.h
# environment
PATH = /usr/local/bin:/usr/bin:/bin:/usr/sbin:/sbin:/usr/local/munki
# makefile (from `Makefile', line 3)
NAME_LINUX = cub3D
# environment
VSCODE_LOG_STACK = false
# environment
ELECTRON_RUN_AS_NODE = 1
# default
.FEATURES := target-specific order-only second-expansion else-if archives jobserver check-symlink
# environment
SSH_AUTH_SOCK = /private/tmp/com.apple.launchd.NoUcxK52lm/Listeners
# automatic
%F = $(notdir $%)
# environment
VSCODE_PIPE_LOGGING = true
# environment
PWD = /Users/jmaryett/Desktop/Cub3d
# environment
ORIGINAL_XDG_CURRENT_DESKTOP = undefined
# environment
VSCODE_AMD_ENTRYPOINT = vs/workbench/services/extensions/node/extensionHostProcess
# environment
HOME = /Users/jmaryett
# makefile (from `Makefile', line 9)
LIBA = libft.a
# default
MAKEFILEPATH := /Applications/Xcode.app/Contents/Developer/Makefiles
# environment
VSCODE_CODE_CACHE_PATH = /Users/jmaryett/Library/Application Support/Code/CachedData/899d46d82c4c95423fb7e10e68eba52050e30ba3
# environment
LOGNAME = jmaryett
# environment
APPLICATION_INSIGHTS_NO_DIAGNOSTIC_CHANNEL = true
# environment
VSCODE_HANDLES_UNCAUGHT_ERRORS = true
# automatic
^D = $(patsubst %/,%,$(dir $^))
# environment
XPC_FLAGS = 0x0
# default
MAKE = $(MAKE_COMMAND)
# default
MAKECMDGOALS := all
# environment
SHLVL = 1
# makefile (from `Makefile', line 28)
CC = gcc -g
# makefile (from `Makefile', line 11)
SOURCE = main.c errors.c check_input.c ./gnl/get_next_line.c ./gnl/get_next_line_utils.c ./parse_input/check_list_content.c ./parse_input/init_all.c ./parse_input/utils.c ./parse_input/valid_text_elem.c ./parse_input/check_if_all_elems_filled.c ./parse_input/create_map.c ./parse_input/floor_ceiling_text_parse/check_text_struct.c ./parse_input/floor_ceiling_text_parse/check_ceiling_struct.c ./parse_input/floor_ceiling_text_parse/check_floor_struct.c ./parse_input/floor_ceiling_text_parse/utils_for_color.c ./parse_input/floor_ceiling_text_parse/check_ceiling_format.c ./parse_input/floor_ceiling_text_parse/check_floor_format.c ./parse_input/validate_map/check_if_map_is_valid.c ./parse_input/validate_map/check_walls.c ./parse_input/validate_map/check_how_map_filled.c ./parse_input/clean_struct_all.c ./parse_input/fix_text_path.c
# default
MAKE_VERSION := 3.81
# environment
USER = jmaryett
# makefile
.DEFAULT_GOAL := all
# makefile (from `Makefile', line 1)
NAME = cub3d
# automatic
%D = $(patsubst %/,%,$(dir $%))
# default
MAKE_COMMAND := /Applications/Xcode.app/Contents/Developer/usr/bin/make
# default
.VARIABLES := 
# environment
TMPDIR = /var/folders/zz/zyxvpxvq6csfxvn_n003vkv400ywps/T/
# automatic
*F = $(notdir $*)
# environment
VSCODE_IPC_HOOK = /Users/jmaryett/Library/Application Support/Code/1.63.2-main.sock
# makefile
MAKEFLAGS = Rrqp
# environment
MFLAGS = -Rrqp
# automatic
*D = $(patsubst %/,%,$(dir $*))
# environment
XPC_SERVICE_NAME = com.microsoft.VSCode.1248
# automatic
+D = $(patsubst %/,%,$(dir $+))
# automatic
+F = $(notdir $+)
# makefile (from `Makefile', line 39)
MLX_LINUX = libmlx.a
# environment
__CF_USER_TEXT_ENCODING = 0xF72D9:0x0:0x0
# default
MAKEFILES := 
# automatic
<F = $(notdir $<)
# environment
LC_ALL = C
# makefile (from `Makefile', line 32)
HEADER = cub.h ./libft/libft.h ./gnl/get_next_line.h 
# automatic
^F = $(notdir $^)
# default
SUFFIXES := 
# default
.INCLUDE_DIRS = /usr/local/include
# environment
MAKELEVEL := 0
# environment
LANG = C
# environment
VSCODE_PID = 90800
# variable set hash-table stats:
# Load=73/1024=7%, Rehash=0, Collisions=4/120=3%

# Pattern-specific Variable Values

# No pattern-specific variable values.

# Directories

# . (device 16777227, inode 619207): 17 files, no impossibilities.
# libft (device 16777227, inode 619285): 48 files, no impossibilities.

# 65 files, no impossibilities in 2 directories.

# Implicit Rules

# No implicit rules.

# Files

# Not a target:
libft/ft_strlcpy.c:
#  Implicit rule search has been done.
#  Last modified 2022-03-20 15:24:21
#  File has been updated.
#  Successfully updated.
# variable set hash-table stats:
# Load=0/32=0%, Rehash=0, Collisions=0/0=0%

# Not a target:
libft/ft_lstmap.c:
#  Implicit rule search has been done.
#  Last modified 2022-03-20 15:24:21
#  File has been updated.
#  Successfully updated.
# variable set hash-table stats:
# Load=0/32=0%, Rehash=0, Collisions=0/0=0%

# Not a target:
libft/ft_strncmp.c:
#  Implicit rule search has been done.
#  Last modified 2022-03-20 15:24:21
#  File has been updated.
#  Successfully updated.
# variable set hash-table stats:
# Load=0/32=0%, Rehash=0, Collisions=0/0=0%

# Not a target:
parse_input/create_map.o:
#  Implicit rule search has not been done.
#  Modification time never checked.
#  File has not been updated.

# Not a target:
libft/ft_isalnum.c:
#  Implicit rule search has been done.
#  Last modified 2022-03-20 15:24:21
#  File has been updated.
 
#  Successfully updated.
# variable set hash-table stats:
# Load=0/32=0%, Rehash=0, Collisions=0/0=0%

all: cub3d
#  Phony target (prerequisite of .PHONY).
#  Command-line target.
#  Implicit rule search has not been done.
#  File does not exist.
#  File has been updated.
#  Needs to be updated (-q is set).
# variable set hash-table stats:
# Load=0/32=0%, Rehash=0, Collisions=0/3=0%

# Not a target:
libft/ft_lstadd_front.c:
#  Implicit rule search has been done.
#  Last modified 2022-03-20 15:24:21
#  File has been updated.
#  Successfully updated.
# variable set hash-table stats:
# Load=0/32=0%, Rehash=0, Collisions=0/0=0%

# Not a target:
libft/ft_strdup.c:
#  Implicit rule search has been done.
#  Last modified 2022-03-20 15:24:21
#  File has been updated.
#  Successfully updated.
# variable set hash-table stats:
# Load=0/32=0%, Rehash=0, Collisions=0/0=0%

.PHONY: all clean fclean re bonus norm libft minilibx
#  Implicit rule search has not been done.
#  Modification time never checked.
#  File has not been updated.

# Not a target:
libft/ft_memmove.c:
#  Implicit rule search has been done.
#  Last modified 2022-03-20 15:24:21
#  File has been updated.
#  Successfully updated.
# variable set hash-table stats:
# Load=0/32=0%, Rehash=0, Collisions=0/0=0%

# Not a target:
cub.h:
#  Implicit rule search has not been done.
#  Modification time never checked.
#  File has not been updated.

# Not a target:
libft/ft_strchr.c:
#  Implicit rule search has been done.
#  Last modified 2022-03-20 15:24:21
#  File has been updated.
#  Successfully updated.
# variable set hash-table stats:
# Load=0/32=0%, Rehash=0, Collisions=0/0=0%

cub3D: libft.a cub.h libft/libft.h gnl/get_next_line.h main.o errors.o check_input.o gnl/get_next_line.o gnl/get_next_line_utils.o parse_input/check_list_content.o parse_input/init_all.o parse_input/utils.o parse_input/valid_text_elem.o parse_input/check_if_all_elems_filled.o parse_input/create_map.o parse_input/floor_ceiling_text_parse/check_text_struct.o parse_input/floor_ceiling_text_parse/check_ceiling_struct.o parse_input/floor_ceiling_text_parse/check_floor_struct.o parse_input/floor_ceiling_text_parse/utils_for_color.o parse_input/floor_ceiling_text_parse/check_ceiling_format.o parse_input/floor_ceiling_text_parse/check_floor_format.o parse_input/validate_map/check_if_map_is_valid.o parse_input/validate_map/check_walls.o parse_input/validate_map/check_how_map_filled.o parse_input/clean_struct_all.o parse_input/fix_text_path.o libmlx.a
#  Implicit rule search has not been done.
#  Modification time never checked.
#  File has not been updated.
#  commands to execute (from `Makefile', line 74):
	${CC} ${CFLAGS} ${OBJ} ${LIBA} ${MLX_LINUX} -Lmlx_linux -L/usr/lib -Imlx_linux -lXext -lX11 -lm -lz -o $(NAME_LINUX) 
	

# Not a target:
libft/ft_toupper.c:
#  Implicit rule search has been done.
#  Last modified 2022-03-20 15:24:21
#  File has been updated.
#  Successfully updated.
# variable set hash-table stats:
# Load=0/32=0%, Rehash=0, Collisions=0/0=0%

cub3d: libft.a libmlx.dylib cub.h libft/libft.h gnl/get_next_line.h main.o errors.o check_input.o gnl/get_next_line.o gnl/get_next_line_utils.o parse_input/check_list_content.o parse_input/init_all.o parse_input/utils.o parse_input/valid_text_elem.o parse_input/check_if_all_elems_filled.o parse_input/create_map.o parse_input/floor_ceiling_text_parse/check_text_struct.o parse_input/floor_ceiling_text_parse/check_ceiling_struct.o parse_input/floor_ceiling_text_parse/check_floor_struct.o parse_input/floor_ceiling_text_parse/utils_for_color.o parse_input/floor_ceiling_text_parse/check_ceiling_format.o parse_input/floor_ceiling_text_parse/check_floor_format.o parse_input/validate_map/check_if_map_is_valid.o parse_input/validate_map/check_walls.o parse_input/validate_map/check_how_map_filled.o parse_input/clean_struct_all.o parse_input/fix_text_path.o
#  Implicit rule search has not been done.
#  File does not exist.
#  File has been updated.
#  Needs to be updated (-q is set).
# variable set hash-table stats:
# Load=0/32=0%, Rehash=0, Collisions=0/3=0%
#  commands to execute (from `Makefile', line 71):
	${CC} ${CFLAGS} -framework  OpenGL -framework AppKit -o ${NAME} ${OBJ} ${LIBA} ${MLX}
	

# Not a target:
libft/ft_strnstr.c:
#  Implicit rule search has been done.
#  Last modified 2022-03-20 15:24:21
#  File has been updated.
#  Successfully updated.
# variable set hash-table stats:
# Load=0/32=0%, Rehash=0, Collisions=0/0=0%

# Not a target:
libft/ft_putstr_fd.c:
#  Implicit rule search has been done.
#  Last modified 2022-03-20 15:24:21
#  File has been updated.
#  Successfully updated.
# variable set hash-table stats:
# Load=0/32=0%, Rehash=0, Collisions=0/0=0%

# Not a target:
parse_input/validate_map/check_if_map_is_valid.o:
#  Implicit rule search has not been done.
#  Modification time never checked.
#  File has not been updated.

libft:
#  Phony target (prerequisite of .PHONY).
#  Implicit rule search has not been done.
#  File does not exist.
#  File has not been updated.

# Not a target:
libft/ft_memccpy.c:
#  Implicit rule search has been done.
#  Last modified 2022-03-20 15:24:21
#  File has been updated.
#  Successfully updated.
# variable set hash-table stats:
# Load=0/32=0%, Rehash=0, Collisions=0/0=0%

# Not a target:
parse_input/floor_ceiling_text_parse/check_ceiling_struct.o:
#  Implicit rule search has not been done.
#  Modification time never checked.
#  File has not been updated.

# Not a target:
.SUFFIXES:
#  Implicit rule search has not been done.
#  Modification time never checked.
#  File has not been updated.

# Not a target:
parse_input/utils.o:
#  Implicit rule search has not been done.
#  Modification time never checked.
#  File has not been updated.

# Not a target:
errors.o:
#  Implicit rule search has not been done.
#  Modification time never checked.
#  File has not been updated.

# Not a target:
gnl/get_next_line.h:
#  Implicit rule search has not been done.
#  Modification time never checked.
#  File has not been updated.

# Not a target:
Makefile:
#  Implicit rule search has been done.
#  Last modified 2022-03-20 15:24:21
#  File has been updated.
#  Successfully updated.
# variable set hash-table stats:
# Load=0/32=0%, Rehash=0, Collisions=0/0=0%

# Not a target:
libft/ft_lstdelone.c:
#  Implicit rule search has been done.
#  Last modified 2022-03-20 15:24:21
#  File has been updated.
#  Successfully updated.
# variable set hash-table stats:
# Load=0/32=0%, Rehash=0, Collisions=0/0=0%

# Not a target:
libft/ft_putchar_fd.c:
#  Implicit rule search has been done.
#  Last modified 2022-03-20 15:24:21
#  File has been updated.
#  Successfully updated.
# variable set hash-table stats:
# Load=0/32=0%, Rehash=0, Collisions=0/0=0%

libft.a: libft/ft_atoi.c libft/ft_bzero.c libft/ft_calloc.c libft/ft_isalnum.c libft/ft_isalpha.c libft/ft_isascii.c libft/ft_isdigit.c libft/ft_isprint.c libft/ft_itoa.c libft/ft_lstadd_back.c libft/ft_lstadd_front.c libft/ft_lstclear.c libft/ft_lstdelone.c libft/ft_lstiter.c libft/ft_lstlast.c libft/ft_lstmap.c libft/ft_lstnew.c libft/ft_lstsize.c libft/ft_memccpy.c libft/ft_memchr.c libft/ft_memcmp.c libft/ft_memcpy.c libft/ft_memmove.c libft/ft_memset.c libft/ft_putchar_fd.c libft/ft_putendl_fd.c libft/ft_putnbr_fd.c libft/ft_putstr_fd.c libft/ft_split.c libft/ft_strchr.c libft/ft_strdup.c libft/ft_strjoin.c libft/ft_strlcat.c libft/ft_strlcpy.c libft/ft_strlen.c libft/ft_strmapi.c libft/ft_strncmp.c libft/ft_strnstr.c libft/ft_strrchr.c libft/ft_strtrim.c libft/ft_substr.c libft/ft_tolower.c libft/ft_toupper.c libft/libft.h
#  Implicit rule search has not been done.
#  Implicit/static pattern stem: `'
#  File does not exist.
#  File has been updated.
#  Needs to be updated (-q is set).
# automatic
# @ := libft.a
# automatic
# % := 
# automatic
# * := 
# automatic
 
# + := libft/ft_atoi.c libft/ft_bzero.c libft/ft_calloc.c libft/ft_isalnum.c libft/ft_isalpha.c libft/ft_isascii.c libft/ft_isdigit.c libft/ft_isprint.c libft/ft_itoa.c libft/ft_lstadd_back.c libft/ft_lstadd_front.c libft/ft_lstclear.c libft/ft_lstdelone.c libft/ft_lstiter.c libft/ft_lstlast.c libft/ft_lstmap.c libft/ft_lstnew.c libft/ft_lstsize.c libft/ft_memccpy.c libft/ft_memchr.c libft/ft_memcmp.c libft/ft_memcpy.c libft/ft_memmove.c libft/ft_memset.c libft/ft_putchar_fd.c libft/ft_putendl_fd.c libft/ft_putnbr_fd.c libft/ft_putstr_fd.c libft/ft_split.c libft/ft_strchr.c libft/ft_strdup.c libft/ft_strjoin.c libft/ft_strlcat.c libft/ft_strlcpy.c libft/ft_strlen.c libft/ft_strmapi.c libft/ft_strncmp.c libft/ft_strnstr.c libft/ft_strrchr.c libft/ft_strtrim.c libft/ft_substr.c libft/ft_tolower.c libft/ft_toupper.c libft/libft.h
# automatic
# | := 
# automatic
# < := libft/ft_atoi.c
# automatic
# ^ := libft/ft_atoi.c libft/ft_bzero.c libft/ft_calloc.c libft/ft_isalnum.c libft/ft_isalpha.c libft/ft_isascii.c libft/ft_isdigit.c libft/ft_isprint.c libft/ft_itoa.c libft/ft_lstadd_back.c libft/ft_lstadd_front.c libft/ft_lstclear.c libft/ft_lstdelone.c libft/ft_lstiter.c libft/ft_lstlast.c libft/ft_lstmap.c libft/ft_lstnew.c libft/ft_lstsize.c libft/ft_memccpy.c libft/ft_memchr.c libft/ft_memcmp.c libft/ft_memcpy.c libft/ft_memmove.c libft/ft_memset.c libft/ft_putchar_fd.c libft/ft_putendl_fd.c libft/ft_putnbr_fd.c libft/ft_putstr_fd.c libft/ft_split.c libft/ft_strchr.c libft/ft_strdup.c libft/ft_strjoin.c libft/ft_strlcat.c libft/ft_strlcpy.c libft/ft_strlen.c libft/ft_strmapi.c libft/ft_strncmp.c libft/ft_strnstr.c libft/ft_strrchr.c libft/ft_strtrim.c libft/ft_substr.c libft/ft_tolower.c libft/ft_toupper.c libft/libft.h
# automatic
# ? := libft/ft_atoi.c libft/ft_bzero.c libft/ft_calloc.c libft/ft_isalnum.c libft/ft_isalpha.c libft/ft_isascii.c libft/ft_isdigit.c libft/ft_isprint.c libft/ft_itoa.c libft/ft_lstadd_back.c libft/ft_lstadd_front.c libft/ft_lstclear.c libft/ft_lstdelone.c libft/ft_lstiter.c libft/ft_lstlast.c libft/ft_lstmap.c libft/ft_lstnew.c libft/ft_lstsize.c libft/ft_memccpy.c libft/ft_memchr.c libft/ft_memcmp.c libft/ft_memcpy.c libft/ft_memmove.c libft/ft_memset.c libft/ft_putchar_fd.c libft/ft_putendl_fd.c libft/ft_putnbr_fd.c libft/ft_putstr_fd.c libft/ft_split.c libft/ft_strchr.c libft/ft_strdup.c libft/ft_strjoin.c libft/ft_strlcat.c libft/ft_strlcpy.c libft/ft_strlen.c libft/ft_strmapi.c libft/ft_strncmp.c libft/ft_strnstr.c libft/ft_strrchr.c libft/ft_strtrim.c libft/ft_substr.c libft/ft_tolower.c libft/ft_toupper.c libft/libft.h
# variable set hash-table stats:
# Load=8/32=25%, Rehash=0, Collisions=1/11=9%
#  commands to execute (from `Makefile', line 64):
	cd ./libft; \
	make bonus; \
	mv $(LIBA) ../; \
	make clean; \
	cd ../
	

# Not a target:
libft/ft_atoi.c:
#  Implicit rule search has been done.
#  Last modified 2022-03-20 15:24:21
#  File has been updated.
#  Successfully updated.
# variable set hash-table stats:
# Load=0/32=0%, Rehash=0, Collisions=0/0=0%

# Not a target:
parse_input/floor_ceiling_text_parse/check_ceiling_format.o:
#  Implicit rule search has not been done.
#  Modification time never checked.
#  File has not been updated.

# Not a target:
libft/ft_strtrim.c:
#  Implicit rule search has been done.
#  Last modified 2022-03-20 15:24:21
#  File has been updated.
#  Successfully updated.
# variable set hash-table stats:
# Load=0/32=0%, Rehash=0, Collisions=0/0=0%

# Not a target:
parse_input/fix_text_path.o:
#  Implicit rule search has not been done.
#  Modification time never checked.
#  File has not been updated.

# Not a target:
libft/ft_lstadd_back.c:
#  Implicit rule search has been done.
#  Last modified 2022-03-20 15:24:21
#  File has been updated.
#  Successfully updated.
# variable set hash-table stats:
# Load=0/32=0%, Rehash=0, Collisions=0/0=0%

# Not a target:
parse_input/floor_ceiling_text_parse/check_text_struct.o:
#  Implicit rule search has not been done.
#  Modification time never checked.
#  File has not been updated.

# Not a target:
libft/ft_putendl_fd.c:
#  Implicit rule search has been done.
#  Last modified 2022-03-20 15:24:21
#  File has been updated.
#  Successfully updated.
# variable set hash-table stats:
# Load=0/32=0%, Rehash=0, Collisions=0/0=0%

# Not a target:
libft/ft_strmapi.c:
#  Implicit rule search has been done.
#  Last modified 2022-03-20 15:24:21
#  File has been updated.
#  Successfully updated.
# variable set hash-table stats:
# Load=0/32=0%, Rehash=0, Collisions=0/0=0%

# Not a target:
libft/ft_lstiter.c:
#  Implicit rule search has been done.
#  Last modified 2022-03-20 15:24:21
#  File has been updated.
#  Successfully updated.
# variable set hash-table stats:
# Load=0/32=0%, Rehash=0, Collisions=0/0=0%

# Not a target:
gnl/get_next_line_utils.o:
 
#  Implicit rule search has not been done.
#  Modification time never checked.
#  File has not been updated.

# Not a target:
parse_input/init_all.o:
#  Implicit rule search has not been done.
#  Modification time never checked.
#  File has not been updated.

bonus:
#  Phony target (prerequisite of .PHONY).
#  Implicit rule search has not been done.
#  File does not exist.
#  File has not been updated.

.c.o:
#  Implicit rule search has not been done.
#  Modification time never checked.
#  File has not been updated.
#  commands to execute (from `Makefile', line 44):
	${CC} ${CFLAGS} -I/usr/include -Imlx_linux -O3 -c $< -o ${<:.c=.o}
	

# Not a target:
parse_input/clean_struct_all.o:
#  Implicit rule search has not been done.
#  Modification time never checked.
#  File has not been updated.

# Not a target:
libft/ft_memcpy.c:
#  Implicit rule search has been done.
#  Last modified 2022-03-20 15:24:21
#  File has been updated.
#  Successfully updated.
# variable set hash-table stats:
# Load=0/32=0%, Rehash=0, Collisions=0/0=0%

# Not a target:
libft/ft_itoa.c:
#  Implicit rule search has been done.
#  Last modified 2022-03-20 15:24:21
#  File has been updated.
#  Successfully updated.
# variable set hash-table stats:
# Load=0/32=0%, Rehash=0, Collisions=0/0=0%

fclean: clean
#  Phony target (prerequisite of .PHONY).
#  Implicit rule search has not been done.
#  File does not exist.
#  File has not been updated.
#  commands to execute (from `Makefile', line 84):
	${RM} ${NAME} $(NAME_LINUX) a.out ${LIBA} ${MLX_LINUX} ${MLX}
	

# Not a target:
libft/ft_memcmp.c:
#  Implicit rule search has been done.
#  Last modified 2022-03-20 15:24:21
#  File has been updated.
#  Successfully updated.
# variable set hash-table stats:
# Load=0/32=0%, Rehash=0, Collisions=0/0=0%

# Not a target:
libft/ft_strlen.c:
#  Implicit rule search has been done.
#  Last modified 2022-03-20 15:24:21
#  File has been updated.
#  Successfully updated.
# variable set hash-table stats:
# Load=0/32=0%, Rehash=0, Collisions=0/0=0%

# Not a target:
libft/ft_isascii.c:
#  Implicit rule search has been done.
#  Last modified 2022-03-20 15:24:21
#  File has been updated.
#  Successfully updated.
# variable set hash-table stats:
# Load=0/32=0%, Rehash=0, Collisions=0/0=0%

# Not a target:
libft/ft_isdigit.c:
#  Implicit rule search has been done.
#  Last modified 2022-03-20 15:24:21
#  File has been updated.
#  Successfully updated.
# variable set hash-table stats:
# Load=0/32=0%, Rehash=0, Collisions=0/0=0%

# Not a target:
parse_input/valid_text_elem.o:
#  Implicit rule search has not been done.
#  Modification time never checked.
#  File has not been updated.

# Not a target:
libft/ft_lstlast.c:
#  Implicit rule search has been done.
#  Last modified 2022-03-20 15:24:21
#  File has been updated.
#  Successfully updated.
# variable set hash-table stats:
# Load=0/32=0%, Rehash=0, Collisions=0/0=0%

minilibx:
#  Phony target (prerequisite of .PHONY).
#  Implicit rule search has not been done.
#  File does not exist.
#  File has not been updated.

# Not a target:
libft/ft_memchr.c:
#  Implicit rule search has been done.
#  Last modified 2022-03-20 15:24:21
#  File has been updated.
#  Successfully updated.
# variable set hash-table stats:
# Load=0/32=0%, Rehash=0, Collisions=0/0=0%

# Not a target:
parse_input/floor_ceiling_text_parse/check_floor_struct.o:
#  Implicit rule search has not been done.
#  Modification time never checked.
#  File has not been updated.

norm:
#  Phony target (prerequisite of .PHONY).
#  Implicit rule search has not been done.
#  File does not exist.
#  File has not been updated.
#  commands to execute (from `Makefile', line 87):
	norminette ${SOURCE} ${HEADER}
	

# Not a target:
libft/ft_memset.c:
#  Implicit rule search has been done.
#  Last modified 2022-03-20 15:24:21
#  File has been updated.
#  Successfully updated.
# variable set hash-table stats:
# Load=0/32=0%, Rehash=0, Collisions=0/0=0%

# Not a target:
parse_input/validate_map/check_how_map_filled.o:
#  Implicit rule search has not been done.
#  Modification time never checked.
#  File has not been updated.

# Not a target:
libft/ft_strlcat.c:
#  Implicit rule search has been done.
#  Last modified 2022-03-20 15:24:21
#  File has been updated.
#  Successfully updated.
# variable set hash-table stats:
# Load=0/32=0%, Rehash=0, Collisions=0/0=0%

# Not a target:
libft/ft_tolower.c:
#  Implicit rule search has been done.
#  Last modified 2022-03-20 15:24:21
#  File has been updated.
#  Successfully updated.
# variable set hash-table stats:
# Load=0/32=0%, Rehash=0, Collisions=0/0=0%

# Not a target:
.DEFAULT:
#  Implicit rule search has not been done.
#  Modification time never checked.
#  File has not been updated.

libmlx.a:
#  Implicit rule search has not been done.
#  Modification time never checked.
#  File has not been updated.
#  commands to execute (from `Makefile', line 57):
	cd ./mlx_linux; \
	make; \
	mv ${MLX_LINUX} ../; \
	make clean; \
	cd ../
	

# Not a target:
libft/ft_strrchr.c:
#  Implicit rule search has been done.
#  Last modified 2022-03-20 15:24:21
#  File has been updated.
#  Successfully updated.
# variable set hash-table stats:
# Load=0/32=0%, Rehash=0, Collisions=0/0=0%

# Not a target:
libft/ft_strjoin.c:
#  Implicit rule search has been done.
#  Last modified 2022-03-20 15:24:21
#  File has been updated.
#  Successfully updated.
# variable set hash-table stats:
# Load=0/32=0%, Rehash=0, Collisions=0/0=0%

# Not a target:
libft/ft_split.c:
#  Implicit rule search has been done.
#  Last modified 2022-03-20 15:24:21
#  File has been updated.
#  Successfully updated.
# variable set hash-table stats:
# Load=0/32=0%, Rehash=0, Collisions=0/0=0%

# Not a target:
libft/ft_lstclear.c:
#  Implicit rule search has been done.
#  Last modified 2022-03-20 15:24:21
#  File has been updated.
#  Successfully updated.
# variable set hash-table stats:
# Load=0/32=0%, Rehash=0, Collisions=0/0=0%

# Not a target:
parse_input/check_if_all_elems_filled.o:
#  Implicit rule search has not been done.
#  Modification time never checked.
#  File has not been updated.

# Not a target:
parse_input/floor_ceiling_text_parse/check_floor_format.o:
#  Implicit rule search has not been done.
#  Modification time never checked.
#  File has not been updated.

libmlx.dylib:
#  Implicit rule search has not been done.
#  Modification time never checked.
#  File has not been updated.
#  commands to execute (from `Makefile', line 50):
	cd ./mlx; \
	make; \
	mv ${MLX} ../; \
	make clean; \
	cd ../
	

# Not a target:
parse_input/floor_ceiling_text_parse/utils_for_color.o:
#  Implicit rule search has not been done.
#  Modification time never checked.
#  File has not been updated.

re: fclean all
#  Phony target (prerequisite of .PHONY).
#  Implicit rule search has not been done.
#  File does not exist.
#  File has not been updated.

clean:
#  Phony target (prerequisite of .PHONY).
#  Implicit rule search has not been done.
#  File does not exist.
#  File has not been updated.
#  commands to execute (from `Makefile', line 81):
	${RM} ${OBJ}
	

# Not a target:
parse_input/validate_map/check_walls.o:
#  Implicit rule search has not been done.
#  Modification time never checked.
#  File has not been updated.

# Not a target:
libft/ft_bzero.c:
#  Implicit rule search has been done.
#  Last modified 2022-03-20 15:24:21
#  File has been updated.
#  Successfully updated.
# variable set hash-table stats:
# Load=0/32=0%, Rehash=0, Collisions=0/0=0%

liba: libft.a
#  Implicit rule search has not been done.
#  Modification time never checked.
#  File has not been updated.

# Not a target:
parse_input/check_list_content.o:
#  Implicit rule search has not been done.
#  Modification time never checked.
#  File has not been updated.

# Not a target:
libft/ft_isprint.c:
#  Implicit rule search has been done.
#  Last modified 2022-03-20 15:24:21
#  File has been updated.
#  Successfully updated.
# variable set hash-table stats:
# Load=0/32=0%, Rehash=0, Collisions=0/0=0%

# Not a target:
gnl/get_next_line.o:
#  Implicit rule search has not been done.
#  Modification time never checked.
#  File has not been updated.

 
linux: cub3D
#  Implicit rule search has not been done.
#  Modification time never checked.
#  File has not been updated.

# Not a target:
libft/ft_lstnew.c:
#  Implicit rule search has been done.
#  Last modified 2022-03-20 15:24:21
#  File has been updated.
#  Successfully updated.
# variable set hash-table stats:
# Load=0/32=0%, Rehash=0, Collisions=0/0=0%

# Not a target:
main.o:
#  Implicit rule search has not been done.
#  Modification time never checked.
#  File has not been updated.

# Not a target:
check_input.o:
#  Implicit rule search has not been done.
#  Modification time never checked.
#  File has not been updated.

# Not a target:
libft/libft.h:
#  Implicit rule search has been done.
#  Last modified 2022-03-20 15:24:21
#  File has been updated.
#  Successfully updated.
# variable set hash-table stats:
# Load=0/32=0%, Rehash=0, Collisions=0/0=0%

# Not a target:
libft/ft_putnbr_fd.c:
#  Implicit rule search has been done.
#  Last modified 2022-03-20 15:24:21
#  File has been updated.
#  Successfully updated.
# variable set hash-table stats:
# Load=0/32=0%, Rehash=0, Collisions=0/0=0%

# Not a target:
libft/ft_calloc.c:
#  Implicit rule search has been done.
#  Last modified 2022-03-20 15:24:21
#  File has been updated.
#  Successfully updated.
# variable set hash-table stats:
# Load=0/32=0%, Rehash=0, Collisions=0/0=0%

# Not a target:
libft/ft_substr.c:
#  Implicit rule search has been done.
#  Last modified 2022-03-20 15:24:21
#  File has been updated.
#  Successfully updated.
# variable set hash-table stats:
# Load=0/32=0%, Rehash=0, Collisions=0/0=0%

# Not a target:
libft/ft_isalpha.c:
#  Implicit rule search has been done.
#  Last modified 2022-03-20 15:24:21
#  File has been updated.
#  Successfully updated.
# variable set hash-table stats:
# Load=0/32=0%, Rehash=0, Collisions=0/0=0%

# Not a target:
libft/ft_lstsize.c:
#  Implicit rule search has been done.
#  Last modified 2022-03-20 15:24:21
#  File has been updated.
#  Successfully updated.
# variable set hash-table stats:
# Load=0/32=0%, Rehash=0, Collisions=0/0=0%

# files hash-table stats:
# Load=88/1024=9%, Rehash=0, Collisions=13/214=6%
# VPATH Search Paths

# No `vpath' search paths.

# No general (`VPATH' variable) search path.

# # of strings in strcache: 1
# # of strcache buffers: 1
# strcache size: total = 4096 / max = 4096 / min = 4096 / avg = 4096
# strcache free: total = 4087 / max = 4087 / min = 4087 / avg = 4087

# Finished Make data base on Sun Mar 20 15:25:01 2022

 
